[MIXER] Loaded 4 pre-trained weight sets

╔══════════════════════════════════════════════════════════╗
║     TRANSFORMER TRAINING - Phase 21C Active!             ║
╚══════════════════════════════════════════════════════════╝

Training Parameters:
  Corpus: test_corpus_small.txt
  Epochs: 5
  Learning Rate: 0.0002
  Batch Size: 8

Loaded 129 lines from corpus

[TOKENIZER] Loading existing tokenizer from models/tokenizer.bin
[BPE] Loaded tokenizer from models/tokenizer.bin (vocab: 282, merges: 22)

[TRANSFORMER] Initializing model...
  Embedding Dim: 256
  Layers: 4
  Heads: 4
  FF Dim: 1024
  Max Sequence Length: 128

[TRANSFORMER] Initializing weights...
[TRANSFORMER] Initialized 4 layers
[TRANSFORMER] Model size: ~3M parameters
[TRANSFORMER] 🚀 Starting training with backpropagation!
[TRANSFORMER] Corpus size: 129 texts
[TRANSFORMER] Epochs: 5, LR: 0.0002, Batch: 8

[DATA] Tokenizing and chunking corpus...
[DATA] Created 137 training sequences

═══════════════════════════════════════
  EPOCH 1/5 (FULL BACKPROP!)
═══════════════════════════════════════
[OPTIMIZER] Clipped gradients: norm=1.60701 -> 1
[OPTIMIZER] Clipped gradients: norm=1.29617 -> 1
[OPTIMIZER] Clipped gradients: norm=1.70285 -> 1
[OPTIMIZER] Clipped gradients: norm=1.02107 -> 1
[OPTIMIZER] Clipped gradients: norm=1.34869 -> 1
[OPTIMIZER] Clipped gradients: norm=1.76504 -> 1
[OPTIMIZER] Clipped gradients: norm=1.10495 -> 1
[OPTIMIZER] Clipped gradients: norm=1.37214 -> 1
[OPTIMIZER] Clipped gradients: norm=1.54639 -> 1
[OPTIMIZER] Clipped gradients: norm=1.1495 -> 1
